<?xml version="1.0" encoding="UTF-8"?>
<testng-results ignored="0" total="1" passed="1" failed="0" skipped="0">
  <reporter-output>
  </reporter-output>
  <suite started-at="2022-09-28T17:05:48 IST" name="Suite" finished-at="2022-09-28T17:06:25 IST" duration-ms="37691">
    <groups>
    </groups>
    <test started-at="2022-09-28T17:05:48 IST" name="Test" finished-at="2022-09-28T17:06:25 IST" duration-ms="37691">
      <class name="com.inetBankingV1.testCases.BuyShoes">
        <test-method is-config="true" signature="setUp(java.lang.String)[pri:0, instance:com.inetBankingV1.testCases.BuyShoes@704f1591]" started-at="2022-09-28T17:05:48 IST" name="setUp" finished-at="2022-09-28T17:05:51 IST" duration-ms="3219" status="PASS">
          <params>
            <param index="0">
              <value>
                <![CDATA[chrome]]>
              </value>
            </param>
          </params>
          <reporter-output>
          </reporter-output>
        </test-method> <!-- setUp -->
        <test-method signature="Test_BuyShoes()[pri:0, instance:com.inetBankingV1.testCases.BuyShoes@704f1591]" started-at="2022-09-28T17:05:51 IST" name="Test_BuyShoes" finished-at="2022-09-28T17:06:25 IST" duration-ms="33978" status="PASS">
          <reporter-output>
          </reporter-output>
        </test-method> <!-- Test_BuyShoes -->
        <test-method is-config="true" signature="tearDown()[pri:0, instance:com.inetBankingV1.testCases.BuyShoes@704f1591]" started-at="2022-09-28T17:06:25 IST" name="tearDown" finished-at="2022-09-28T17:06:25 IST" duration-ms="442" status="PASS">
          <reporter-output>
          </reporter-output>
        </test-method> <!-- tearDown -->
      </class> <!-- com.inetBankingV1.testCases.BuyShoes -->
    </test> <!-- Test -->
  </suite> <!-- Suite -->
</testng-results>
